build/app/outputs/mapping/release/seeds.txt
io.flutter.view.AccessibilityViewEmbedder: AccessibilityViewEmbedder(android.view.View,int)
kotlin.jvm.internal.CollectionToArray: java.lang.Object[] toArray(java.util.Collection)
io.flutter.embedding.android.FlutterView: android.view.accessibility.AccessibilityNodeProvider getAccessibilityNodeProvider()
androidx.window.embedding.SplitController: SplitController(kotlin.jvm.internal.DefaultConstructorMarker)
androidx.window.java.layout.WindowInfoTrackerCallbackAdapter: void removeListener(androidx.core.util.Consumer)
androidx.window.layout.SidecarAdapter$Companion: androidx.window.layout.DisplayFeature translate$window_release(androidx.window.sidecar.SidecarDisplayFeature,androidx.window.sidecar.SidecarDeviceState)
androidx.window.embedding.SplitPairFilter: int hashCode()
androidx.window.core.Version$Companion: androidx.window.core.Version getVERSION_1_0()
io.flutter.embedding.engine.FlutterJNI: void nativeDispatchPointerDataPacket(long,java.nio.ByteBuffer,int)
androidx.window.R: R()
androidx.window.layout.SidecarWindowBackend: void getWindowLayoutChangeCallbacks$annotations()
androidx.window.embedding.ActivityStack: java.lang.String toString()
io.flutter.plugin.platform.PlatformViewsController: java.lang.Class[] access$300()
io.flutter.embedding.engine.mutatorsstack.FlutterMutatorsStack: void pushClipRRect(int,int,int,int,float[])
androidx.window.layout.SidecarCompat: androidx.window.layout.ExtensionInterfaceCompat$ExtensionCallbackInterface access$getExtensionCallback$p(androidx.window.layout.SidecarCompat)
io.flutter.embedding.android.FlutterSplashView$SavedState: android.os.Bundle access$700(io.flutter.embedding.android.FlutterSplashView$SavedState)
kotlinx.coroutines.android.AndroidDispatcherFactory: kotlinx.coroutines.MainCoroutineDispatcher createDispatcher(java.util.List)
io.flutter.embedding.engine.FlutterJNI: void dispatchPointerDataPacket(java.nio.ByteBuffer,int)
io.flutter.embedding.engine.mutatorsstack.FlutterMutatorsStack$FlutterMutatorType: io.flutter.embedding.engine.mutatorsstack.FlutterMutatorsStack$FlutterMutatorType valueOf(java.lang.String)
androidx.collection.SimpleArrayMap: void freeArrays(int[],java.lang.Object[],int)
io.flutter.embedding.engine.FlutterJNI: void nativeInvokePlatformMessageResponseCallback(long,int,java.nio.ByteBuffer,int)
androidx.window.layout.HardwareFoldingFeature$Type: androidx.window.layout.HardwareFoldingFeature$Type access$getHINGE$cp()
androidx.window.layout.SidecarCompat$FirstAttachAdapter: void onViewAttachedToWindow(android.view.View)
kotlinx.coroutines.channels.ArrayChannel: void enqueueElement(int,java.lang.Object)
io.flutter.embedding.engine.FlutterJNI: void deferredComponentInstallFailure(int,java.lang.String,boolean)
io.flutter.view.AccessibilityBridge$StringAttributeType: io.flutter.view.AccessibilityBridge$StringAttributeType valueOf(java.lang.String)
io.flutter.embedding.engine.FlutterJNI: void nativeRunBundleAndSnapshotFromLibrary(long,java.lang.String,java.lang.String,java.lang.String,android.content.res.AssetManager,java.util.List)
io.flutter.embedding.engine.FlutterJNI: void nativeImageHeaderCallback(long,int,int)
androidx.window.embedding.SplitController: void registerRule(androidx.window.embedding.EmbeddingRule)
io.flutter.embedding.android.FlutterSplashView$SavedState: void writeToParcel(android.os.Parcel,int)
io.flutter.plugin.editing.ImeSyncDeferringInsetsCallback: android.view.View$OnApplyWindowInsetsListener getInsetsListener()
androidx.window.embedding.ActivityFilter: java.lang.String toString()
androidx.window.layout.ActivityCompatHelperApi30: android.graphics.Rect maximumWindowBounds(android.app.Activity)
io.flutter.embedding.engine.FlutterJNI: android.graphics.Bitmap getBitmap()
androidx.window.embedding.SplitPairRule: boolean equals(java.lang.Object)
io.flutter.embedding.android.FlutterActivityLaunchConfigs$BackgroundMode: io.flutter.embedding.android.FlutterActivityLaunchConfigs$BackgroundMode[] values()